Could not find conda environment: ML
You can list all discoverable environments with `conda info --envs`.

Loaded Vocabulary Set
Loaded Reverse Vocabulary Set
loading annotations into memory...
Done (t=0.74s)
creating index...
index created!
/home/md4289/anaconda3/lib/python3.6/site-packages/sklearn/utils/fixes.py:313: FutureWarning: numpy not_equal will not check object identity in the future. The comparison did not return the same result as suggested by the identity (`is`)) and will change.
  _nan_object_mask = _nan_object_array != _nan_object_array
Epoch: 0 Batch: 0 Loss: 9.351563453674316
Epoch: 0 Batch: 100 Loss: 4.057880401611328
Epoch: 0 Batch: 200 Loss: 3.787224054336548
Epoch: 0 Batch: 300 Loss: 3.386362314224243
Epoch: 0 Batch: 400 Loss: 3.3391427993774414
Epoch: 0 Batch: 500 Loss: 3.0501770973205566
Epoch: 0 Batch: 600 Loss: 3.0709261894226074
Epoch: 0 Batch: 700 Loss: 2.645862340927124
Epoch: 0 Batch: 800 Loss: 2.8499600887298584
Epoch: 0 Batch: 900 Loss: 2.649489164352417
Epoch: 0 Batch: 1000 Loss: 2.6748604774475098
Epoch: 0 Batch: 1100 Loss: 2.660569667816162
Epoch: 0 Batch: 1200 Loss: 2.648433208465576
Epoch: 0 Batch: 1300 Loss: 2.738978624343872
Epoch: 0 Batch: 1400 Loss: 2.720306158065796
Epoch: 0 Batch: 1500 Loss: 2.794008493423462
Epoch: 0 Batch: 1600 Loss: 2.5347673892974854
Epoch: 0 Batch: 1700 Loss: 2.498850107192993
Epoch: 0 Batch: 1800 Loss: 2.867072105407715
Epoch: 0 Batch: 1900 Loss: 2.5792853832244873
Epoch: 0 Batch: 2000 Loss: 2.357903480529785
Epoch: 0 Batch: 2100 Loss: 2.499626874923706
Epoch: 0 Batch: 2200 Loss: 2.632990837097168
Epoch: 0 Batch: 2300 Loss: 2.456815719604492
Epoch: 0 Batch: 2400 Loss: 2.6033504009246826
Epoch: 0 Batch: 2500 Loss: 2.4766101837158203
Epoch: 0 Batch: 2600 Loss: 2.469122886657715
Epoch: 0 Batch: 2700 Loss: 2.1801133155822754
Epoch: 0 Batch: 2800 Loss: 2.542062759399414
Epoch: 0 Batch: 2900 Loss: 2.445863723754883
Epoch: 0 Batch: 3000 Loss: 2.330695867538452
Epoch: 0 Batch: 3100 Loss: 2.4843966960906982
Epoch: 0 Batch: 3200 Loss: 2.529388427734375
Epoch: 0 Batch: 3300 Loss: 2.377613067626953
Epoch: 0 Batch: 3400 Loss: 2.756497859954834
Epoch: 0 Batch: 3500 Loss: 2.326571464538574
Epoch: 0 Batch: 3600 Loss: 2.3195176124572754
Epoch: 0 Batch: 3700 Loss: 2.193227529525757
Epoch: 0 Batch: 3800 Loss: 2.168689727783203
Epoch: 0 Batch: 3900 Loss: 2.2852470874786377
Epoch: 0 Batch: 4000 Loss: 2.2650365829467773
Epoch: 0 Batch: 4100 Loss: 2.440304756164551
Epoch: 0 Batch: 4200 Loss: 2.4164717197418213
Epoch: 0 Batch: 4300 Loss: 2.296427011489868
Epoch: 0 Batch: 4400 Loss: 2.254957914352417
Epoch: 0 Batch: 4500 Loss: 2.1968653202056885
Epoch: 0 Batch: 4600 Loss: 2.4252641201019287
Epoch: 0 Batch: 4700 Loss: 2.2786521911621094
Epoch: 0 Batch: 4800 Loss: 2.294177532196045
Epoch: 0 Batch: 4900 Loss: 2.3420522212982178
Epoch: 0 Batch: 5000 Loss: 2.2640321254730225
Epoch: 0 Batch: 5100 Loss: 2.424454689025879
Epoch: 0 Batch: 5200 Loss: 2.313951015472412
Epoch: 0 Batch: 5300 Loss: 2.379911184310913
Epoch: 0 Batch: 5400 Loss: 2.2922680377960205
Epoch: 0 Batch: 5500 Loss: 2.149176836013794
Epoch: 0 Batch: 5600 Loss: 2.185311794281006
Epoch: 0 Batch: 5700 Loss: 2.1145927906036377
Epoch: 0 Batch: 5800 Loss: 2.253643751144409
Epoch: 0 Batch: 5900 Loss: 2.245729923248291
Epoch: 0 Batch: 6000 Loss: 2.2978947162628174
Epoch: 0 Batch: 6100 Loss: 2.362672805786133
Epoch: 0 Batch: 6200 Loss: 2.174443006515503
Epoch: 0 Batch: 6300 Loss: 2.3126626014709473
Epoch: 0 Batch: 6400 Loss: 2.494300365447998
Epoch: 1 Batch: 0 Loss: 2.217674732208252
Epoch: 1 Batch: 100 Loss: 2.118947744369507
Epoch: 1 Batch: 200 Loss: 2.2211081981658936
Epoch: 1 Batch: 300 Loss: 2.040560722351074
Epoch: 1 Batch: 400 Loss: 2.0756442546844482
Epoch: 1 Batch: 500 Loss: 2.187257766723633
Epoch: 1 Batch: 600 Loss: 1.99691641330719
Epoch: 1 Batch: 700 Loss: 2.2973146438598633
Epoch: 1 Batch: 800 Loss: 1.9977511167526245
Epoch: 1 Batch: 900 Loss: 2.2017812728881836
Epoch: 1 Batch: 1000 Loss: 2.167342185974121
Epoch: 1 Batch: 1100 Loss: 1.967679738998413
Epoch: 1 Batch: 1200 Loss: 2.1939284801483154
Epoch: 1 Batch: 1300 Loss: 2.0474162101745605
Epoch: 1 Batch: 1400 Loss: 2.027562379837036
Epoch: 1 Batch: 1500 Loss: 2.07926869392395
Epoch: 1 Batch: 1600 Loss: 2.127511978149414
Epoch: 1 Batch: 1700 Loss: 2.0822718143463135
Epoch: 1 Batch: 1800 Loss: 2.303612232208252
Epoch: 1 Batch: 1900 Loss: 2.095104217529297
Epoch: 1 Batch: 2000 Loss: 2.091078519821167
Epoch: 1 Batch: 2100 Loss: 2.034003257751465
Epoch: 1 Batch: 2200 Loss: 2.0872583389282227
Epoch: 1 Batch: 2300 Loss: 2.050835132598877
Epoch: 1 Batch: 2400 Loss: 2.200770854949951
Epoch: 1 Batch: 2500 Loss: 2.3075757026672363
Epoch: 1 Batch: 2600 Loss: 2.1555075645446777
Epoch: 1 Batch: 2700 Loss: 2.162989616394043
Epoch: 1 Batch: 2800 Loss: 2.0312514305114746
Epoch: 1 Batch: 2900 Loss: 2.1540567874908447
Epoch: 1 Batch: 3000 Loss: 2.13633394241333
Epoch: 1 Batch: 3100 Loss: 2.1400554180145264
Epoch: 1 Batch: 3200 Loss: 1.9900462627410889
Epoch: 1 Batch: 3300 Loss: 2.145151138305664
Epoch: 1 Batch: 3400 Loss: 2.2308402061462402
Epoch: 1 Batch: 3500 Loss: 2.2138516902923584
Epoch: 1 Batch: 3600 Loss: 1.9504244327545166
Epoch: 1 Batch: 3700 Loss: 2.121610403060913
Epoch: 1 Batch: 3800 Loss: 2.1520206928253174
Epoch: 1 Batch: 3900 Loss: 2.298178195953369
Epoch: 1 Batch: 4000 Loss: 2.177556037902832
Epoch: 1 Batch: 4100 Loss: 2.0588552951812744
Epoch: 1 Batch: 4200 Loss: 2.2160205841064453
Epoch: 1 Batch: 4300 Loss: 2.108487367630005
Epoch: 1 Batch: 4400 Loss: 2.1301684379577637
Epoch: 1 Batch: 4500 Loss: 2.3032524585723877
Epoch: 1 Batch: 4600 Loss: 2.120877742767334
Epoch: 1 Batch: 4700 Loss: 2.265509605407715
Epoch: 1 Batch: 4800 Loss: 2.0282106399536133
Epoch: 1 Batch: 4900 Loss: 2.0881545543670654
Epoch: 1 Batch: 5000 Loss: 1.9542826414108276
Epoch: 1 Batch: 5100 Loss: 2.3820507526397705
Epoch: 1 Batch: 5200 Loss: 2.1691508293151855
Epoch: 1 Batch: 5300 Loss: 2.048856258392334
Epoch: 1 Batch: 5400 Loss: 2.174586772918701
Epoch: 1 Batch: 5500 Loss: 1.9890705347061157
Epoch: 1 Batch: 5600 Loss: 2.1152353286743164
Epoch: 1 Batch: 5700 Loss: 2.0769834518432617
Epoch: 1 Batch: 5800 Loss: 1.8999791145324707
Epoch: 1 Batch: 5900 Loss: 1.9948363304138184
Epoch: 1 Batch: 6000 Loss: 2.013669729232788
Epoch: 1 Batch: 6100 Loss: 2.1796600818634033
Epoch: 1 Batch: 6200 Loss: 2.1329362392425537
Epoch: 1 Batch: 6300 Loss: 2.3341803550720215
Epoch: 1 Batch: 6400 Loss: 2.1026058197021484
Epoch: 2 Batch: 0 Loss: 1.9857499599456787
Epoch: 2 Batch: 100 Loss: 1.9392268657684326
Epoch: 2 Batch: 200 Loss: 1.763688325881958
Epoch: 2 Batch: 300 Loss: 1.8350168466567993
Epoch: 2 Batch: 400 Loss: 2.0327303409576416
Epoch: 2 Batch: 500 Loss: 1.8715946674346924
Epoch: 2 Batch: 600 Loss: 2.002385377883911
Epoch: 2 Batch: 700 Loss: 2.0172672271728516
Epoch: 2 Batch: 800 Loss: 2.1580400466918945
Epoch: 2 Batch: 900 Loss: 2.1260786056518555
Epoch: 2 Batch: 1000 Loss: 1.8108536005020142
Epoch: 2 Batch: 1100 Loss: 2.168724298477173
Epoch: 2 Batch: 1200 Loss: 1.925028681755066
Epoch: 2 Batch: 1300 Loss: 2.016960382461548
Epoch: 2 Batch: 1400 Loss: 1.9245692491531372
Epoch: 2 Batch: 1500 Loss: 1.9873806238174438
Epoch: 2 Batch: 1600 Loss: 1.9269877672195435
Epoch: 2 Batch: 1700 Loss: 1.8578095436096191
Epoch: 2 Batch: 1800 Loss: 1.8606305122375488
Epoch: 2 Batch: 1900 Loss: 1.9100382328033447
Epoch: 2 Batch: 2000 Loss: 1.9955626726150513
Epoch: 2 Batch: 2100 Loss: 1.785810112953186
Epoch: 2 Batch: 2200 Loss: 1.893310308456421
Epoch: 2 Batch: 2300 Loss: 1.920481562614441
Epoch: 2 Batch: 2400 Loss: 2.045313835144043
Epoch: 2 Batch: 2500 Loss: 2.142653703689575
Epoch: 2 Batch: 2600 Loss: 2.2217891216278076
Epoch: 2 Batch: 2700 Loss: 2.031625986099243
Epoch: 2 Batch: 2800 Loss: 1.9342069625854492
Epoch: 2 Batch: 2900 Loss: 1.982098937034607
Epoch: 2 Batch: 3000 Loss: 2.0248587131500244
Epoch: 2 Batch: 3100 Loss: 2.018587112426758
Epoch: 2 Batch: 3200 Loss: 1.9640742540359497
Epoch: 2 Batch: 3300 Loss: 2.056858777999878
Epoch: 2 Batch: 3400 Loss: 1.953685998916626
Epoch: 2 Batch: 3500 Loss: 2.123554229736328
Epoch: 2 Batch: 3600 Loss: 2.002394199371338
Epoch: 2 Batch: 3700 Loss: 1.901619553565979
Epoch: 2 Batch: 3800 Loss: 1.995608925819397
Epoch: 2 Batch: 3900 Loss: 2.0779175758361816
Epoch: 2 Batch: 4000 Loss: 1.9594972133636475
Epoch: 2 Batch: 4100 Loss: 1.9864648580551147
Epoch: 2 Batch: 4200 Loss: 2.04557466506958
Epoch: 2 Batch: 4300 Loss: 2.1130096912384033
Epoch: 2 Batch: 4400 Loss: 2.032491683959961
Epoch: 2 Batch: 4500 Loss: 2.036734104156494
Epoch: 2 Batch: 4600 Loss: 1.783111810684204
Epoch: 2 Batch: 4700 Loss: 2.0994348526000977
Epoch: 2 Batch: 4800 Loss: 2.0999021530151367
Epoch: 2 Batch: 4900 Loss: 2.134129762649536
Epoch: 2 Batch: 5000 Loss: 1.8932013511657715
Epoch: 2 Batch: 5100 Loss: 1.9325922727584839
Epoch: 2 Batch: 5200 Loss: 2.074341058731079
Epoch: 2 Batch: 5300 Loss: 1.7572896480560303
Epoch: 2 Batch: 5400 Loss: 1.8859249353408813
Epoch: 2 Batch: 5500 Loss: 2.0390539169311523
Epoch: 2 Batch: 5600 Loss: 2.002480983734131
Epoch: 2 Batch: 5700 Loss: 1.8440948724746704
Epoch: 2 Batch: 5800 Loss: 1.9424641132354736
Epoch: 2 Batch: 5900 Loss: 2.0171759128570557
Epoch: 2 Batch: 6000 Loss: 1.9301635026931763
Epoch: 2 Batch: 6100 Loss: 1.9741002321243286
Epoch: 2 Batch: 6200 Loss: 1.7801002264022827
Epoch: 2 Batch: 6300 Loss: 2.0322518348693848
Epoch: 2 Batch: 6400 Loss: 1.961707592010498
Epoch: 3 Batch: 0 Loss: 1.767147421836853
Epoch: 3 Batch: 100 Loss: 1.833187460899353
Epoch: 3 Batch: 200 Loss: 1.8351260423660278
Epoch: 3 Batch: 300 Loss: 1.8188765048980713
Epoch: 3 Batch: 400 Loss: 1.9489721059799194
Epoch: 3 Batch: 500 Loss: 1.887846827507019
Epoch: 3 Batch: 600 Loss: 1.7978366613388062
Epoch: 3 Batch: 700 Loss: 1.9902573823928833
Epoch: 3 Batch: 800 Loss: 1.9160112142562866
Epoch: 3 Batch: 900 Loss: 1.8113899230957031
Epoch: 3 Batch: 1000 Loss: 1.703310489654541
Epoch: 3 Batch: 1100 Loss: 1.9091835021972656
Epoch: 3 Batch: 1200 Loss: 1.8953794240951538
Epoch: 3 Batch: 1300 Loss: 1.8747308254241943
Epoch: 3 Batch: 1400 Loss: 1.768190622329712
Epoch: 3 Batch: 1500 Loss: 1.8241978883743286
Epoch: 3 Batch: 1600 Loss: 2.0657315254211426
Epoch: 3 Batch: 1700 Loss: 1.9562615156173706
Epoch: 3 Batch: 1800 Loss: 1.93733549118042
Epoch: 3 Batch: 1900 Loss: 1.9848833084106445
Epoch: 3 Batch: 2000 Loss: 1.8513058423995972
Epoch: 3 Batch: 2100 Loss: 1.8353501558303833
Epoch: 3 Batch: 2200 Loss: 1.7952945232391357
Epoch: 3 Batch: 2300 Loss: 2.018181324005127
Epoch: 3 Batch: 2400 Loss: 2.064185619354248
Epoch: 3 Batch: 2500 Loss: 1.9540331363677979
Epoch: 3 Batch: 2600 Loss: 1.778935432434082
Epoch: 3 Batch: 2700 Loss: 1.886006236076355
Epoch: 3 Batch: 2800 Loss: 1.7956676483154297
Epoch: 3 Batch: 2900 Loss: 1.8684154748916626
Epoch: 3 Batch: 3000 Loss: 1.9281219244003296
Epoch: 3 Batch: 3100 Loss: 1.83135187625885
Epoch: 3 Batch: 3200 Loss: 1.9788678884506226
Epoch: 3 Batch: 3300 Loss: 1.8053778409957886
Epoch: 3 Batch: 3400 Loss: 1.89816415309906
Epoch: 3 Batch: 3500 Loss: 1.8878905773162842
Epoch: 3 Batch: 3600 Loss: 1.8834726810455322
Epoch: 3 Batch: 3700 Loss: 2.119737386703491
Epoch: 3 Batch: 3800 Loss: 2.1065938472747803
Epoch: 3 Batch: 3900 Loss: 1.8036061525344849
Epoch: 3 Batch: 4000 Loss: 1.9272900819778442
Epoch: 3 Batch: 4100 Loss: 2.029270648956299
Epoch: 3 Batch: 4200 Loss: 1.8527592420578003
Epoch: 3 Batch: 4300 Loss: 1.777633547782898
Epoch: 3 Batch: 4400 Loss: 1.8224514722824097
Epoch: 3 Batch: 4500 Loss: 1.9981995820999146
Epoch: 3 Batch: 4600 Loss: 1.8716521263122559
Epoch: 3 Batch: 4700 Loss: 1.7601685523986816
Epoch: 3 Batch: 4800 Loss: 2.002039670944214
Epoch: 3 Batch: 4900 Loss: 1.97891104221344
Epoch: 3 Batch: 5000 Loss: 2.0111615657806396
Epoch: 3 Batch: 5100 Loss: 2.0255234241485596
Epoch: 3 Batch: 5200 Loss: 1.85270357131958
Epoch: 3 Batch: 5300 Loss: 1.9369474649429321
Epoch: 3 Batch: 5400 Loss: 1.881610631942749
Epoch: 3 Batch: 5500 Loss: 1.9139668941497803
Epoch: 3 Batch: 5600 Loss: 1.9460781812667847
Epoch: 3 Batch: 5700 Loss: 1.8561818599700928
Epoch: 3 Batch: 5800 Loss: 2.0600507259368896
Epoch: 3 Batch: 5900 Loss: 1.8501944541931152
Epoch: 3 Batch: 6000 Loss: 2.089092969894409
Epoch: 3 Batch: 6100 Loss: 1.8484634160995483
Epoch: 3 Batch: 6200 Loss: 1.835300087928772
Epoch: 3 Batch: 6300 Loss: 1.74690580368042
Epoch: 3 Batch: 6400 Loss: 1.8314005136489868
Epoch: 4 Batch: 0 Loss: 1.862471342086792
Epoch: 4 Batch: 100 Loss: 1.7959893941879272
Epoch: 4 Batch: 200 Loss: 1.811729073524475
Epoch: 4 Batch: 300 Loss: 1.9205777645111084
Epoch: 4 Batch: 400 Loss: 1.87501060962677
Epoch: 4 Batch: 500 Loss: 1.6573868989944458
Epoch: 4 Batch: 600 Loss: 1.8152809143066406
Epoch: 4 Batch: 700 Loss: 2.02341365814209
Epoch: 4 Batch: 800 Loss: 1.747912049293518
Epoch: 4 Batch: 900 Loss: 1.8308347463607788
Epoch: 4 Batch: 1000 Loss: 1.722622036933899
Epoch: 4 Batch: 1100 Loss: 1.716976523399353
Epoch: 4 Batch: 1200 Loss: 1.8715730905532837
Epoch: 4 Batch: 1300 Loss: 1.9129970073699951
Epoch: 4 Batch: 1400 Loss: 1.940567135810852
Epoch: 4 Batch: 1500 Loss: 1.7514129877090454
Epoch: 4 Batch: 1600 Loss: 1.7644565105438232
Epoch: 4 Batch: 1700 Loss: 1.915583848953247
Epoch: 4 Batch: 1800 Loss: 1.978334903717041
Epoch: 4 Batch: 1900 Loss: 1.9119415283203125
Epoch: 4 Batch: 2000 Loss: 1.815816879272461
Epoch: 4 Batch: 2100 Loss: 1.8684972524642944
Epoch: 4 Batch: 2200 Loss: 1.7831193208694458
Epoch: 4 Batch: 2300 Loss: 1.8536722660064697
Epoch: 4 Batch: 2400 Loss: 1.8332207202911377
Epoch: 4 Batch: 2500 Loss: 1.795435905456543
Epoch: 4 Batch: 2600 Loss: 1.8845444917678833
Epoch: 4 Batch: 2700 Loss: 1.9453375339508057
Epoch: 4 Batch: 2800 Loss: 1.7337831258773804
Epoch: 4 Batch: 2900 Loss: 1.8667305707931519
Epoch: 4 Batch: 3000 Loss: 1.7334598302841187
Epoch: 4 Batch: 3100 Loss: 1.7168282270431519
Epoch: 4 Batch: 3200 Loss: 1.912187099456787
Epoch: 4 Batch: 3300 Loss: 1.9684844017028809
Epoch: 4 Batch: 3400 Loss: 1.824802279472351
Epoch: 4 Batch: 3500 Loss: 1.767147183418274
Epoch: 4 Batch: 3600 Loss: 1.9007210731506348
Epoch: 4 Batch: 3700 Loss: 1.9309871196746826
Epoch: 4 Batch: 3800 Loss: 1.7952556610107422
Epoch: 4 Batch: 3900 Loss: 1.9108225107192993
Epoch: 4 Batch: 4000 Loss: 1.973187804222107
Epoch: 4 Batch: 4100 Loss: 1.8282015323638916
Epoch: 4 Batch: 4200 Loss: 1.871860384941101
Epoch: 4 Batch: 4300 Loss: 1.805274486541748
Epoch: 4 Batch: 4400 Loss: 1.614094853401184
Epoch: 4 Batch: 4500 Loss: 2.0793802738189697
Epoch: 4 Batch: 4600 Loss: 1.9826858043670654
Epoch: 4 Batch: 4700 Loss: 1.7750725746154785
Epoch: 4 Batch: 4800 Loss: 1.8053648471832275
Epoch: 4 Batch: 4900 Loss: 1.8024883270263672
Epoch: 4 Batch: 5000 Loss: 1.8908904790878296
Epoch: 4 Batch: 5100 Loss: 1.7832117080688477
Epoch: 4 Batch: 5200 Loss: 1.787065029144287
Epoch: 4 Batch: 5300 Loss: 1.7517647743225098
Epoch: 4 Batch: 5400 Loss: 1.8874433040618896
Epoch: 4 Batch: 5500 Loss: 1.7862870693206787
Epoch: 4 Batch: 5600 Loss: 1.773053526878357
Epoch: 4 Batch: 5700 Loss: 1.8294334411621094
Epoch: 4 Batch: 5800 Loss: 1.7597101926803589
Epoch: 4 Batch: 5900 Loss: 1.8066891431808472
Epoch: 4 Batch: 6000 Loss: 1.953996181488037
Epoch: 4 Batch: 6100 Loss: 1.6930198669433594
Epoch: 4 Batch: 6200 Loss: 1.8533419370651245
Epoch: 4 Batch: 6300 Loss: 1.6860357522964478
Epoch: 4 Batch: 6400 Loss: 1.8755959272384644
Epoch: 5 Batch: 0 Loss: 1.6562697887420654
Epoch: 5 Batch: 100 Loss: 1.5962435007095337
Epoch: 5 Batch: 200 Loss: 1.7410082817077637
Epoch: 5 Batch: 300 Loss: 1.7499921321868896
Epoch: 5 Batch: 400 Loss: 1.7547990083694458
Epoch: 5 Batch: 500 Loss: 1.662783145904541
Epoch: 5 Batch: 600 Loss: 1.819273829460144
Epoch: 5 Batch: 700 Loss: 1.6340572834014893
Epoch: 5 Batch: 800 Loss: 1.6760756969451904
Epoch: 5 Batch: 900 Loss: 1.781031847000122
Epoch: 5 Batch: 1000 Loss: 1.6432480812072754
Epoch: 5 Batch: 1100 Loss: 1.80862557888031
Epoch: 5 Batch: 1200 Loss: 1.72710382938385
Epoch: 5 Batch: 1300 Loss: 1.924501895904541
Epoch: 5 Batch: 1400 Loss: 1.837654709815979
Epoch: 5 Batch: 1500 Loss: 1.7669278383255005
Epoch: 5 Batch: 1600 Loss: 1.7689487934112549
Epoch: 5 Batch: 1700 Loss: 1.6567833423614502
Epoch: 5 Batch: 1800 Loss: 1.7288209199905396
Epoch: 5 Batch: 1900 Loss: 1.8012720346450806
Epoch: 5 Batch: 2000 Loss: 1.6376479864120483
Epoch: 5 Batch: 2100 Loss: 1.7695151567459106
Epoch: 5 Batch: 2200 Loss: 1.8952407836914062
Epoch: 5 Batch: 2300 Loss: 1.6633268594741821
Epoch: 5 Batch: 2400 Loss: 1.7274596691131592
Epoch: 5 Batch: 2500 Loss: 1.7117880582809448
Epoch: 5 Batch: 2600 Loss: 1.706921935081482
Epoch: 5 Batch: 2700 Loss: 1.7107107639312744
Epoch: 5 Batch: 2800 Loss: 1.8024924993515015
Epoch: 5 Batch: 2900 Loss: 1.866919994354248
Epoch: 5 Batch: 3000 Loss: 1.8410849571228027
Epoch: 5 Batch: 3100 Loss: 1.880875825881958
Epoch: 5 Batch: 3200 Loss: 1.7382314205169678
Epoch: 5 Batch: 3300 Loss: 1.8393453359603882
Epoch: 5 Batch: 3400 Loss: 1.9372718334197998
Epoch: 5 Batch: 3500 Loss: 1.6232929229736328
Epoch: 5 Batch: 3600 Loss: 1.7112252712249756
Epoch: 5 Batch: 3700 Loss: 1.6925318241119385
Epoch: 5 Batch: 3800 Loss: 1.9501806497573853
Epoch: 5 Batch: 3900 Loss: 1.8320908546447754
Epoch: 5 Batch: 4000 Loss: 1.819759726524353
Epoch: 5 Batch: 4100 Loss: 1.7415629625320435
Epoch: 5 Batch: 4200 Loss: 1.5998899936676025
Epoch: 5 Batch: 4300 Loss: 1.829970359802246
Epoch: 5 Batch: 4400 Loss: 1.9380282163619995
Epoch: 5 Batch: 4500 Loss: 1.7730391025543213
Epoch: 5 Batch: 4600 Loss: 1.6086081266403198
Epoch: 5 Batch: 4700 Loss: 1.8138976097106934
Epoch: 5 Batch: 4800 Loss: 1.8183263540267944
Epoch: 5 Batch: 4900 Loss: 1.846136212348938
Epoch: 5 Batch: 5000 Loss: 1.9081400632858276
Epoch: 5 Batch: 5100 Loss: 1.9879233837127686
Epoch: 5 Batch: 5200 Loss: 1.8145768642425537
Epoch: 5 Batch: 5300 Loss: 1.853718638420105
Epoch: 5 Batch: 5400 Loss: 1.7967865467071533
Epoch: 5 Batch: 5500 Loss: 1.7291667461395264
Epoch: 5 Batch: 5600 Loss: 1.9104602336883545
Epoch: 5 Batch: 5700 Loss: 1.8124594688415527
Epoch: 5 Batch: 5800 Loss: 1.9784061908721924
Epoch: 5 Batch: 5900 Loss: 1.6751537322998047
Epoch: 5 Batch: 6000 Loss: 1.7318023443222046
Epoch: 5 Batch: 6100 Loss: 1.715209722518921
Epoch: 5 Batch: 6200 Loss: 1.8124920129776
Epoch: 5 Batch: 6300 Loss: 1.8480619192123413
Epoch: 5 Batch: 6400 Loss: 1.786637783050537
Epoch: 6 Batch: 0 Loss: 1.63764488697052
Epoch: 6 Batch: 100 Loss: 1.7802724838256836
Epoch: 6 Batch: 200 Loss: 1.6578717231750488
Epoch: 6 Batch: 300 Loss: 1.6029433012008667
Epoch: 6 Batch: 400 Loss: 1.7203270196914673
Epoch: 6 Batch: 500 Loss: 1.591468334197998
Epoch: 6 Batch: 600 Loss: 1.6571069955825806
Epoch: 6 Batch: 700 Loss: 1.7863644361495972
Epoch: 6 Batch: 800 Loss: 1.7360140085220337
Epoch: 6 Batch: 900 Loss: 1.7671502828598022
Epoch: 6 Batch: 1000 Loss: 1.6992909908294678
Epoch: 6 Batch: 1100 Loss: 1.6115835905075073
Epoch: 6 Batch: 1200 Loss: 1.7780530452728271
Epoch: 6 Batch: 1300 Loss: 1.653205394744873
Epoch: 6 Batch: 1400 Loss: 1.6120679378509521
Epoch: 6 Batch: 1500 Loss: 1.6516799926757812
Epoch: 6 Batch: 1600 Loss: 1.8085192441940308
Epoch: 6 Batch: 1700 Loss: 1.7033958435058594
Epoch: 6 Batch: 1800 Loss: 1.6875975131988525
Epoch: 6 Batch: 1900 Loss: 1.6204053163528442
Epoch: 6 Batch: 2000 Loss: 1.7045018672943115
Epoch: 6 Batch: 2100 Loss: 1.661421775817871
Epoch: 6 Batch: 2200 Loss: 1.7332888841629028
Epoch: 6 Batch: 2300 Loss: 1.7486387491226196
Epoch: 6 Batch: 2400 Loss: 1.7387324571609497
Epoch: 6 Batch: 2500 Loss: 1.783738613128662
Epoch: 6 Batch: 2600 Loss: 1.6990677118301392
Epoch: 6 Batch: 2700 Loss: 1.9046435356140137
Epoch: 6 Batch: 2800 Loss: 1.791643738746643
Epoch: 6 Batch: 2900 Loss: 1.6047379970550537
Epoch: 6 Batch: 3000 Loss: 1.8294415473937988
Epoch: 6 Batch: 3100 Loss: 1.765255093574524
Epoch: 6 Batch: 3200 Loss: 1.6656932830810547
Epoch: 6 Batch: 3300 Loss: 1.6903284788131714
Epoch: 6 Batch: 3400 Loss: 1.8452049493789673
Epoch: 6 Batch: 3500 Loss: 1.7417407035827637
Epoch: 6 Batch: 3600 Loss: 1.8093922138214111
Epoch: 6 Batch: 3700 Loss: 1.6700143814086914
Epoch: 6 Batch: 3800 Loss: 1.6818838119506836
Epoch: 6 Batch: 3900 Loss: 1.662603735923767
Epoch: 6 Batch: 4000 Loss: 1.8476958274841309
Epoch: 6 Batch: 4100 Loss: 1.6958037614822388
Epoch: 6 Batch: 4200 Loss: 1.7340461015701294
Epoch: 6 Batch: 4300 Loss: 1.8234611749649048
Epoch: 6 Batch: 4400 Loss: 1.7814524173736572
Epoch: 6 Batch: 4500 Loss: 1.6602139472961426
Epoch: 6 Batch: 4600 Loss: 1.7285668849945068
Epoch: 6 Batch: 4700 Loss: 1.756845474243164
Epoch: 6 Batch: 4800 Loss: 1.8608078956604004
Epoch: 6 Batch: 4900 Loss: 1.8105562925338745
Epoch: 6 Batch: 5000 Loss: 1.5974853038787842
Epoch: 6 Batch: 5100 Loss: 1.8563646078109741
Epoch: 6 Batch: 5200 Loss: 1.6609426736831665
Epoch: 6 Batch: 5300 Loss: 1.7096086740493774
Epoch: 6 Batch: 5400 Loss: 1.801185965538025
Epoch: 6 Batch: 5500 Loss: 1.8331578969955444
Epoch: 6 Batch: 5600 Loss: 1.7790590524673462
Epoch: 6 Batch: 5700 Loss: 1.7400431632995605
Epoch: 6 Batch: 5800 Loss: 1.7129647731781006
Epoch: 6 Batch: 5900 Loss: 1.9506922960281372
Epoch: 6 Batch: 6000 Loss: 1.9376120567321777
Epoch: 6 Batch: 6100 Loss: 1.8372408151626587
Epoch: 6 Batch: 6200 Loss: 1.7766014337539673
Epoch: 6 Batch: 6300 Loss: 1.735853672027588
Epoch: 6 Batch: 6400 Loss: 1.7472666501998901
Epoch: 7 Batch: 0 Loss: 1.7046853303909302
Epoch: 7 Batch: 100 Loss: 1.5907728672027588
Epoch: 7 Batch: 200 Loss: 1.6433219909667969
Epoch: 7 Batch: 300 Loss: 1.6588143110275269
Epoch: 7 Batch: 400 Loss: 1.650179386138916
Epoch: 7 Batch: 500 Loss: 1.6325666904449463
Epoch: 7 Batch: 600 Loss: 1.6656584739685059
Epoch: 7 Batch: 700 Loss: 1.5748051404953003
Epoch: 7 Batch: 800 Loss: 1.63187575340271
Epoch: 7 Batch: 900 Loss: 1.5764586925506592
Epoch: 7 Batch: 1000 Loss: 1.7480418682098389
Epoch: 7 Batch: 1100 Loss: 1.601841926574707
Epoch: 7 Batch: 1200 Loss: 1.8113008737564087
Epoch: 7 Batch: 1300 Loss: 1.637091040611267
Epoch: 7 Batch: 1400 Loss: 1.7359912395477295
Epoch: 7 Batch: 1500 Loss: 1.8131656646728516
Epoch: 7 Batch: 1600 Loss: 1.6861546039581299
Epoch: 7 Batch: 1700 Loss: 1.8068405389785767
Epoch: 7 Batch: 1800 Loss: 1.6173439025878906
Epoch: 7 Batch: 1900 Loss: 1.6816771030426025
Epoch: 7 Batch: 2000 Loss: 1.8841999769210815
Epoch: 7 Batch: 2100 Loss: 1.5658133029937744
Epoch: 7 Batch: 2200 Loss: 1.7179937362670898
Epoch: 7 Batch: 2300 Loss: 1.6450170278549194
Epoch: 7 Batch: 2400 Loss: 1.6594606637954712
Epoch: 7 Batch: 2500 Loss: 1.6855453252792358
Epoch: 7 Batch: 2600 Loss: 1.7452460527420044
Epoch: 7 Batch: 2700 Loss: 1.7117879390716553
Epoch: 7 Batch: 2800 Loss: 1.748682975769043
Epoch: 7 Batch: 2900 Loss: 1.7355552911758423
Epoch: 7 Batch: 3000 Loss: 1.6356873512268066
Epoch: 7 Batch: 3100 Loss: 1.5888752937316895
Epoch: 7 Batch: 3200 Loss: 1.7169346809387207
Epoch: 7 Batch: 3300 Loss: 1.6576275825500488
Epoch: 7 Batch: 3400 Loss: 1.707810401916504
Epoch: 7 Batch: 3500 Loss: 1.7107616662979126
Epoch: 7 Batch: 3600 Loss: 1.781967282295227
Epoch: 7 Batch: 3700 Loss: 1.6319739818572998
Epoch: 7 Batch: 3800 Loss: 1.8268948793411255
Epoch: 7 Batch: 3900 Loss: 1.7038706541061401
Epoch: 7 Batch: 4000 Loss: 1.703614592552185
Epoch: 7 Batch: 4100 Loss: 1.6203925609588623
Epoch: 7 Batch: 4200 Loss: 1.8407542705535889
Epoch: 7 Batch: 4300 Loss: 1.7117968797683716
Epoch: 7 Batch: 4400 Loss: 1.8029587268829346
Epoch: 7 Batch: 4500 Loss: 1.7764310836791992
Epoch: 7 Batch: 4600 Loss: 1.7127035856246948
Epoch: 7 Batch: 4700 Loss: 1.5837777853012085
Epoch: 7 Batch: 4800 Loss: 1.7731964588165283
Epoch: 7 Batch: 4900 Loss: 1.6234337091445923
Epoch: 7 Batch: 5000 Loss: 1.796685814857483
Epoch: 7 Batch: 5100 Loss: 1.790466070175171
Epoch: 7 Batch: 5200 Loss: 1.836077332496643
Epoch: 7 Batch: 5300 Loss: 1.5750566720962524
Epoch: 7 Batch: 5400 Loss: 1.6554315090179443
Epoch: 7 Batch: 5500 Loss: 1.645861029624939
Epoch: 7 Batch: 5600 Loss: 1.9687544107437134
Epoch: 7 Batch: 5700 Loss: 1.7380468845367432
Epoch: 7 Batch: 5800 Loss: 1.8137996196746826
Epoch: 7 Batch: 5900 Loss: 1.6475266218185425
Epoch: 7 Batch: 6000 Loss: 1.7072280645370483
Epoch: 7 Batch: 6100 Loss: 1.6700794696807861
Epoch: 7 Batch: 6200 Loss: 1.8317890167236328
Epoch: 7 Batch: 6300 Loss: 1.7591989040374756
Epoch: 7 Batch: 6400 Loss: 1.7092478275299072
Epoch: 8 Batch: 0 Loss: 1.6860376596450806
Epoch: 8 Batch: 100 Loss: 1.6210243701934814
Epoch: 8 Batch: 200 Loss: 1.5727500915527344
Epoch: 8 Batch: 300 Loss: 1.5910292863845825
Epoch: 8 Batch: 400 Loss: 1.6677778959274292
Epoch: 8 Batch: 500 Loss: 1.7271792888641357
Epoch: 8 Batch: 600 Loss: 1.5163609981536865
Epoch: 8 Batch: 700 Loss: 1.5828818082809448
Epoch: 8 Batch: 800 Loss: 1.6163791418075562
Epoch: 8 Batch: 900 Loss: 1.5347294807434082
Epoch: 8 Batch: 1000 Loss: 1.6210148334503174
Epoch: 8 Batch: 1100 Loss: 1.569604516029358
Epoch: 8 Batch: 1200 Loss: 1.5738270282745361
Epoch: 8 Batch: 1300 Loss: 1.5937631130218506
Epoch: 8 Batch: 1400 Loss: 1.6276291608810425
Epoch: 8 Batch: 1500 Loss: 1.7576638460159302
Epoch: 8 Batch: 1600 Loss: 1.7123539447784424
Epoch: 8 Batch: 1700 Loss: 1.6405538320541382
Epoch: 8 Batch: 1800 Loss: 1.5727992057800293
Epoch: 8 Batch: 1900 Loss: 1.5820152759552002
Epoch: 8 Batch: 2000 Loss: 1.7813538312911987
Epoch: 8 Batch: 2100 Loss: 1.7913272380828857
Epoch: 8 Batch: 2200 Loss: 1.6612753868103027
Epoch: 8 Batch: 2300 Loss: 1.776764154434204
Epoch: 8 Batch: 2400 Loss: 1.8076969385147095
Epoch: 8 Batch: 2500 Loss: 1.6963213682174683
Epoch: 8 Batch: 2600 Loss: 1.819347620010376
Epoch: 8 Batch: 2700 Loss: 1.572995662689209
Epoch: 8 Batch: 2800 Loss: 1.6722211837768555
Epoch: 8 Batch: 2900 Loss: 1.7752807140350342
Epoch: 8 Batch: 3000 Loss: 1.5447031259536743
Epoch: 8 Batch: 3100 Loss: 1.597046971321106
Epoch: 8 Batch: 3200 Loss: 1.8332833051681519
Epoch: 8 Batch: 3300 Loss: 1.635692834854126
Epoch: 8 Batch: 3400 Loss: 1.6124179363250732
Epoch: 8 Batch: 3500 Loss: 1.7775198221206665
Epoch: 8 Batch: 3600 Loss: 1.756023645401001
Epoch: 8 Batch: 3700 Loss: 1.741932988166809
Epoch: 8 Batch: 3800 Loss: 1.6344190835952759
Epoch: 8 Batch: 3900 Loss: 1.7456694841384888
Epoch: 8 Batch: 4000 Loss: 1.8383046388626099
Epoch: 8 Batch: 4100 Loss: 1.6340198516845703
Epoch: 8 Batch: 4200 Loss: 1.6181933879852295
Epoch: 8 Batch: 4300 Loss: 1.71852707862854
Epoch: 8 Batch: 4400 Loss: 1.7151950597763062
Epoch: 8 Batch: 4500 Loss: 1.6928815841674805
Epoch: 8 Batch: 4600 Loss: 1.6800371408462524
Epoch: 8 Batch: 4700 Loss: 1.686916470527649
Epoch: 8 Batch: 4800 Loss: 1.6938426494598389
Epoch: 8 Batch: 4900 Loss: 1.6316299438476562
Epoch: 8 Batch: 5000 Loss: 1.7130107879638672
Epoch: 8 Batch: 5100 Loss: 1.5351667404174805
Epoch: 8 Batch: 5200 Loss: 1.6919212341308594
Epoch: 8 Batch: 5300 Loss: 1.7543259859085083
Epoch: 8 Batch: 5400 Loss: 1.877504587173462
Epoch: 8 Batch: 5500 Loss: 1.837747573852539
Epoch: 8 Batch: 5600 Loss: 1.5685374736785889
Epoch: 8 Batch: 5700 Loss: 1.7439708709716797
Epoch: 8 Batch: 5800 Loss: 1.6715413331985474
Epoch: 8 Batch: 5900 Loss: 1.6659749746322632
Epoch: 8 Batch: 6000 Loss: 1.6869574785232544
Epoch: 8 Batch: 6100 Loss: 1.6595258712768555
Epoch: 8 Batch: 6200 Loss: 1.748168706893921
Epoch: 8 Batch: 6300 Loss: 1.804979920387268
Epoch: 8 Batch: 6400 Loss: 1.7595220804214478
Epoch: 9 Batch: 0 Loss: 1.6213619709014893
Epoch: 9 Batch: 100 Loss: 1.6381338834762573
Epoch: 9 Batch: 200 Loss: 1.6432918310165405
Epoch: 9 Batch: 300 Loss: 1.670405626296997
Epoch: 9 Batch: 400 Loss: 1.643202304840088
Epoch: 9 Batch: 500 Loss: 1.6210672855377197
Epoch: 9 Batch: 600 Loss: 1.4969176054000854
Epoch: 9 Batch: 700 Loss: 1.6729223728179932
Epoch: 9 Batch: 800 Loss: 1.6038624048233032
Epoch: 9 Batch: 900 Loss: 1.5905569791793823
Epoch: 9 Batch: 1000 Loss: 1.6646767854690552
Epoch: 9 Batch: 1100 Loss: 1.5614207983016968
Epoch: 9 Batch: 1200 Loss: 1.5907747745513916
Epoch: 9 Batch: 1300 Loss: 1.5687081813812256
Epoch: 9 Batch: 1400 Loss: 1.6248856782913208
Epoch: 9 Batch: 1500 Loss: 1.6853878498077393
Epoch: 9 Batch: 1600 Loss: 1.6222617626190186
Epoch: 9 Batch: 1700 Loss: 1.7674455642700195
Epoch: 9 Batch: 1800 Loss: 1.608423113822937
Epoch: 9 Batch: 1900 Loss: 1.5967833995819092
Epoch: 9 Batch: 2000 Loss: 1.6746258735656738
Epoch: 9 Batch: 2100 Loss: 1.6070510149002075
Epoch: 9 Batch: 2200 Loss: 1.6079058647155762
Epoch: 9 Batch: 2300 Loss: 1.5625531673431396
Epoch: 9 Batch: 2400 Loss: 1.5492695569992065
Epoch: 9 Batch: 2500 Loss: 1.769222378730774
Epoch: 9 Batch: 2600 Loss: 1.5937105417251587
Epoch: 9 Batch: 2700 Loss: 1.5121784210205078
Epoch: 9 Batch: 2800 Loss: 1.5452996492385864
Epoch: 9 Batch: 2900 Loss: 1.6767072677612305
Epoch: 9 Batch: 3000 Loss: 1.6444270610809326
Epoch: 9 Batch: 3100 Loss: 1.691880702972412
Epoch: 9 Batch: 3200 Loss: 1.5776419639587402
Epoch: 9 Batch: 3300 Loss: 1.6303595304489136
Epoch: 9 Batch: 3400 Loss: 1.743280053138733
Epoch: 9 Batch: 3500 Loss: 1.4757230281829834
Epoch: 9 Batch: 3600 Loss: 1.7547951936721802
Epoch: 9 Batch: 3700 Loss: 1.750414252281189
Epoch: 9 Batch: 3800 Loss: 1.6424310207366943
Epoch: 9 Batch: 3900 Loss: 1.8071141242980957
Epoch: 9 Batch: 4000 Loss: 1.7372103929519653
Epoch: 9 Batch: 4100 Loss: 1.8048534393310547
Epoch: 9 Batch: 4200 Loss: 1.6279423236846924
Epoch: 9 Batch: 4300 Loss: 1.6356028318405151
Epoch: 9 Batch: 4400 Loss: 1.639242172241211
Epoch: 9 Batch: 4500 Loss: 1.5476934909820557
Epoch: 9 Batch: 4600 Loss: 1.6750595569610596
Epoch: 9 Batch: 4700 Loss: 1.8954824209213257
Epoch: 9 Batch: 4800 Loss: 1.654143214225769
Epoch: 9 Batch: 4900 Loss: 1.826053500175476
Epoch: 9 Batch: 5000 Loss: 1.7541084289550781
Epoch: 9 Batch: 5100 Loss: 1.7834233045578003
Epoch: 9 Batch: 5200 Loss: 1.5818111896514893
Epoch: 9 Batch: 5300 Loss: 1.6533708572387695
Epoch: 9 Batch: 5400 Loss: 1.7507202625274658
Epoch: 9 Batch: 5500 Loss: 1.7630047798156738
Epoch: 9 Batch: 5600 Loss: 1.628747582435608
Epoch: 9 Batch: 5700 Loss: 1.6287498474121094
Epoch: 9 Batch: 5800 Loss: 1.623274564743042
Epoch: 9 Batch: 5900 Loss: 1.5267735719680786
Epoch: 9 Batch: 6000 Loss: 1.6820324659347534
Epoch: 9 Batch: 6100 Loss: 1.5764174461364746
Epoch: 9 Batch: 6200 Loss: 1.7274129390716553
Epoch: 9 Batch: 6300 Loss: 1.6115343570709229
Epoch: 9 Batch: 6400 Loss: 1.706575632095337
[2.2707743644714355, 2.2333157062530518, 2.0602939128875732, 1.8317402601242065, 1.8891187906265259, 1.8745598793029785, 1.876571536064148, 1.6501489877700806, 1.7335000038146973, 1.751339077949524]
