Could not find conda environment: ML
You can list all discoverable environments with `conda info --envs`.

Loaded Vocabulary Set
Loaded Reverse Vocabulary Set
loading annotations into memory...
Done (t=0.73s)
creating index...
index created!
/home/md4289/anaconda3/lib/python3.6/site-packages/sklearn/utils/fixes.py:313: FutureWarning: numpy not_equal will not check object identity in the future. The comparison did not return the same result as suggested by the identity (`is`)) and will change.
  _nan_object_mask = _nan_object_array != _nan_object_array
Epoch: 0 Batch: 0 Loss: 9.360311508178711
Epoch: 0 Batch: 100 Loss: 3.853987216949463
Epoch: 0 Batch: 200 Loss: 3.5343074798583984
Epoch: 0 Batch: 300 Loss: 3.3781628608703613
Epoch: 0 Batch: 400 Loss: 3.1756927967071533
Epoch: 0 Batch: 500 Loss: 2.945429563522339
Epoch: 0 Batch: 600 Loss: 3.0153913497924805
Epoch: 0 Batch: 700 Loss: 2.854027032852173
Epoch: 0 Batch: 800 Loss: 2.8326525688171387
Epoch: 0 Batch: 900 Loss: 2.905992031097412
Epoch: 0 Batch: 1000 Loss: 2.581089496612549
Epoch: 0 Batch: 1100 Loss: 2.569899082183838
Epoch: 0 Batch: 1200 Loss: 2.6350340843200684
Epoch: 0 Batch: 1300 Loss: 2.556039333343506
Epoch: 0 Batch: 1400 Loss: 2.565333843231201
Epoch: 0 Batch: 1500 Loss: 2.4849162101745605
Epoch: 0 Batch: 1600 Loss: 2.8319759368896484
Epoch: 0 Batch: 1700 Loss: 2.468641757965088
Epoch: 0 Batch: 1800 Loss: 2.398528575897217
Epoch: 0 Batch: 1900 Loss: 2.6367578506469727
Epoch: 0 Batch: 2000 Loss: 2.2695322036743164
Epoch: 0 Batch: 2100 Loss: 2.488208532333374
Epoch: 0 Batch: 2200 Loss: 2.347177505493164
Epoch: 0 Batch: 2300 Loss: 2.259330987930298
Epoch: 0 Batch: 2400 Loss: 2.4232091903686523
Epoch: 0 Batch: 2500 Loss: 2.390693426132202
Epoch: 0 Batch: 2600 Loss: 2.239978551864624
Epoch: 0 Batch: 2700 Loss: 2.3520259857177734
Epoch: 0 Batch: 2800 Loss: 2.513123035430908
Epoch: 0 Batch: 2900 Loss: 2.373967170715332
Epoch: 0 Batch: 3000 Loss: 2.3014683723449707
Epoch: 0 Batch: 3100 Loss: 2.462106943130493
Epoch: 0 Batch: 3200 Loss: 2.2487807273864746
Epoch: 0 Batch: 3300 Loss: 2.2136871814727783
Epoch: 0 Batch: 3400 Loss: 2.3655147552490234
Epoch: 0 Batch: 3500 Loss: 2.642855405807495
Epoch: 0 Batch: 3600 Loss: 2.0749690532684326
Epoch: 0 Batch: 3700 Loss: 2.458711624145508
Epoch: 0 Batch: 3800 Loss: 2.440542697906494
Epoch: 0 Batch: 3900 Loss: 2.2735748291015625
Epoch: 0 Batch: 4000 Loss: 2.387206554412842
Epoch: 0 Batch: 4100 Loss: 2.265449047088623
Epoch: 0 Batch: 4200 Loss: 2.536332607269287
Epoch: 0 Batch: 4300 Loss: 2.32486629486084
Epoch: 0 Batch: 4400 Loss: 2.354426622390747
Epoch: 0 Batch: 4500 Loss: 2.1870100498199463
Epoch: 0 Batch: 4600 Loss: 2.312486171722412
Epoch: 0 Batch: 4700 Loss: 2.2538349628448486
Epoch: 0 Batch: 4800 Loss: 2.1958744525909424
Epoch: 0 Batch: 4900 Loss: 2.1349992752075195
Epoch: 0 Batch: 5000 Loss: 2.429821014404297
Epoch: 0 Batch: 5100 Loss: 2.1507413387298584
Epoch: 0 Batch: 5200 Loss: 2.3265137672424316
Epoch: 0 Batch: 5300 Loss: 2.3347344398498535
Epoch: 0 Batch: 5400 Loss: 2.0973308086395264
Epoch: 0 Batch: 5500 Loss: 2.055753707885742
Epoch: 0 Batch: 5600 Loss: 2.3973329067230225
Epoch: 0 Batch: 5700 Loss: 2.3180809020996094
Epoch: 0 Batch: 5800 Loss: 2.034822702407837
Epoch: 0 Batch: 5900 Loss: 2.1380484104156494
Epoch: 0 Batch: 6000 Loss: 2.4206607341766357
Epoch: 0 Batch: 6100 Loss: 2.286566972732544
Epoch: 0 Batch: 6200 Loss: 2.216902017593384
Epoch: 0 Batch: 6300 Loss: 2.0551114082336426
Epoch: 0 Batch: 6400 Loss: 2.102252244949341
Epoch: 1 Batch: 0 Loss: 2.172445774078369
Epoch: 1 Batch: 100 Loss: 2.1541800498962402
Epoch: 1 Batch: 200 Loss: 1.9506429433822632
Epoch: 1 Batch: 300 Loss: 2.1062538623809814
Epoch: 1 Batch: 400 Loss: 2.0523459911346436
Epoch: 1 Batch: 500 Loss: 2.1040008068084717
Epoch: 1 Batch: 600 Loss: 2.2852389812469482
Epoch: 1 Batch: 700 Loss: 2.143965005874634
Epoch: 1 Batch: 800 Loss: 2.127837657928467
Epoch: 1 Batch: 900 Loss: 2.1105611324310303
Epoch: 1 Batch: 1000 Loss: 2.0874907970428467
Epoch: 1 Batch: 1100 Loss: 2.161252021789551
Epoch: 1 Batch: 1200 Loss: 2.209305763244629
Epoch: 1 Batch: 1300 Loss: 1.960633635520935
Epoch: 1 Batch: 1400 Loss: 2.2474896907806396
Epoch: 1 Batch: 1500 Loss: 2.1463053226470947
Epoch: 1 Batch: 1600 Loss: 2.078721761703491
Epoch: 1 Batch: 1700 Loss: 2.1688718795776367
Epoch: 1 Batch: 1800 Loss: 2.1894237995147705
Epoch: 1 Batch: 1900 Loss: 2.114159107208252
Epoch: 1 Batch: 2000 Loss: 1.981796145439148
Epoch: 1 Batch: 2100 Loss: 1.8823418617248535
Epoch: 1 Batch: 2200 Loss: 2.2116963863372803
Epoch: 1 Batch: 2300 Loss: 2.1835010051727295
Epoch: 1 Batch: 2400 Loss: 2.043569326400757
Epoch: 1 Batch: 2500 Loss: 2.0695834159851074
Epoch: 1 Batch: 2600 Loss: 2.1922109127044678
Epoch: 1 Batch: 2700 Loss: 2.096583366394043
Epoch: 1 Batch: 2800 Loss: 2.084095001220703
Epoch: 1 Batch: 2900 Loss: 1.948380708694458
Epoch: 1 Batch: 3000 Loss: 2.1469333171844482
Epoch: 1 Batch: 3100 Loss: 2.0448875427246094
Epoch: 1 Batch: 3200 Loss: 2.229870319366455
Epoch: 1 Batch: 3300 Loss: 2.2455103397369385
Epoch: 1 Batch: 3400 Loss: 2.1161317825317383
Epoch: 1 Batch: 3500 Loss: 2.135519504547119
Epoch: 1 Batch: 3600 Loss: 1.9217439889907837
Epoch: 1 Batch: 3700 Loss: 1.955628514289856
Epoch: 1 Batch: 3800 Loss: 2.1825315952301025
Epoch: 1 Batch: 3900 Loss: 2.0879697799682617
Epoch: 1 Batch: 4000 Loss: 2.043178081512451
Epoch: 1 Batch: 4100 Loss: 1.9002939462661743
Epoch: 1 Batch: 4200 Loss: 2.161623954772949
Epoch: 1 Batch: 4300 Loss: 2.0095157623291016
Epoch: 1 Batch: 4400 Loss: 2.1200473308563232
Epoch: 1 Batch: 4500 Loss: 2.07181453704834
Epoch: 1 Batch: 4600 Loss: 1.9777406454086304
Epoch: 1 Batch: 4700 Loss: 1.9001991748809814
Epoch: 1 Batch: 4800 Loss: 1.9647064208984375
Epoch: 1 Batch: 4900 Loss: 2.1504018306732178
Epoch: 1 Batch: 5000 Loss: 1.8908368349075317
Epoch: 1 Batch: 5100 Loss: 1.9781203269958496
Epoch: 1 Batch: 5200 Loss: 1.9293029308319092
Epoch: 1 Batch: 5300 Loss: 2.110511064529419
Epoch: 1 Batch: 5400 Loss: 1.9973602294921875
Epoch: 1 Batch: 5500 Loss: 1.9447311162948608
Epoch: 1 Batch: 5600 Loss: 2.0484142303466797
Epoch: 1 Batch: 5700 Loss: 2.083217144012451
Epoch: 1 Batch: 5800 Loss: 2.2028987407684326
Epoch: 1 Batch: 5900 Loss: 2.0188210010528564
Epoch: 1 Batch: 6000 Loss: 2.140252113342285
Epoch: 1 Batch: 6100 Loss: 1.8496166467666626
Epoch: 1 Batch: 6200 Loss: 1.9534693956375122
Epoch: 1 Batch: 6300 Loss: 1.9536606073379517
Epoch: 1 Batch: 6400 Loss: 2.0600204467773438
Epoch: 2 Batch: 0 Loss: 2.1703248023986816
Epoch: 2 Batch: 100 Loss: 1.9119415283203125
Epoch: 2 Batch: 200 Loss: 1.937008261680603
Epoch: 2 Batch: 300 Loss: 1.9195315837860107
Epoch: 2 Batch: 400 Loss: 1.8447455167770386
Epoch: 2 Batch: 500 Loss: 2.1996238231658936
Epoch: 2 Batch: 600 Loss: 1.9616367816925049
Epoch: 2 Batch: 700 Loss: 1.9521249532699585
Epoch: 2 Batch: 800 Loss: 2.2442615032196045
Epoch: 2 Batch: 900 Loss: 1.856318473815918
Epoch: 2 Batch: 1000 Loss: 1.8141127824783325
Epoch: 2 Batch: 1100 Loss: 1.9700614213943481
Epoch: 2 Batch: 1200 Loss: 2.0093624591827393
Epoch: 2 Batch: 1300 Loss: 1.9770342111587524
Epoch: 2 Batch: 1400 Loss: 2.0424885749816895
Epoch: 2 Batch: 1500 Loss: 1.9367191791534424
Epoch: 2 Batch: 1600 Loss: 2.0036323070526123
Epoch: 2 Batch: 1700 Loss: 2.0489232540130615
Epoch: 2 Batch: 1800 Loss: 1.989566445350647
Epoch: 2 Batch: 1900 Loss: 1.9447755813598633
Epoch: 2 Batch: 2000 Loss: 2.0001602172851562
Epoch: 2 Batch: 2100 Loss: 2.062441110610962
Epoch: 2 Batch: 2200 Loss: 2.109835386276245
Epoch: 2 Batch: 2300 Loss: 1.9092307090759277
Epoch: 2 Batch: 2400 Loss: 1.809720754623413
Epoch: 2 Batch: 2500 Loss: 1.947779893875122
Epoch: 2 Batch: 2600 Loss: 1.9919453859329224
Epoch: 2 Batch: 2700 Loss: 2.0962297916412354
Epoch: 2 Batch: 2800 Loss: 1.9912689924240112
Epoch: 2 Batch: 2900 Loss: 1.958025574684143
Epoch: 2 Batch: 3000 Loss: 2.27249813079834
Epoch: 2 Batch: 3100 Loss: 2.116764783859253
Epoch: 2 Batch: 3200 Loss: 1.9429842233657837
Epoch: 2 Batch: 3300 Loss: 1.9055849313735962
Epoch: 2 Batch: 3400 Loss: 1.8910356760025024
Epoch: 2 Batch: 3500 Loss: 1.9737480878829956
Epoch: 2 Batch: 3600 Loss: 1.881672739982605
Epoch: 2 Batch: 3700 Loss: 1.9249701499938965
Epoch: 2 Batch: 3800 Loss: 1.866432785987854
Epoch: 2 Batch: 3900 Loss: 1.912742257118225
Epoch: 2 Batch: 4000 Loss: 1.894839882850647
Epoch: 2 Batch: 4100 Loss: 2.0550320148468018
Epoch: 2 Batch: 4200 Loss: 1.9634500741958618
Epoch: 2 Batch: 4300 Loss: 1.9390549659729004
Epoch: 2 Batch: 4400 Loss: 2.109365940093994
Epoch: 2 Batch: 4500 Loss: 2.04486083984375
Epoch: 2 Batch: 4600 Loss: 2.0419394969940186
Epoch: 2 Batch: 4700 Loss: 2.080498456954956
Epoch: 2 Batch: 4800 Loss: 1.9070074558258057
Epoch: 2 Batch: 4900 Loss: 1.8824872970581055
Epoch: 2 Batch: 5000 Loss: 1.9034253358840942
Epoch: 2 Batch: 5100 Loss: 1.9060983657836914
Epoch: 2 Batch: 5200 Loss: 2.0089566707611084
Epoch: 2 Batch: 5300 Loss: 1.9964653253555298
Epoch: 2 Batch: 5400 Loss: 2.0656251907348633
Epoch: 2 Batch: 5500 Loss: 1.99811851978302
Epoch: 2 Batch: 5600 Loss: 1.9427448511123657
Epoch: 2 Batch: 5700 Loss: 2.059908628463745
Epoch: 2 Batch: 5800 Loss: 1.963246464729309
Epoch: 2 Batch: 5900 Loss: 1.8574926853179932
Epoch: 2 Batch: 6000 Loss: 2.1312708854675293
Epoch: 2 Batch: 6100 Loss: 1.9814029932022095
Epoch: 2 Batch: 6200 Loss: 2.012781858444214
Epoch: 2 Batch: 6300 Loss: 2.16721773147583
Epoch: 2 Batch: 6400 Loss: 2.0793328285217285
Epoch: 3 Batch: 0 Loss: 1.976719617843628
Epoch: 3 Batch: 100 Loss: 1.7579379081726074
Epoch: 3 Batch: 200 Loss: 1.8826179504394531
Epoch: 3 Batch: 300 Loss: 1.9135395288467407
Epoch: 3 Batch: 400 Loss: 1.8964073657989502
Epoch: 3 Batch: 500 Loss: 1.8361760377883911
Epoch: 3 Batch: 600 Loss: 2.010586738586426
Epoch: 3 Batch: 700 Loss: 1.884171724319458
Epoch: 3 Batch: 800 Loss: 2.022627830505371
Epoch: 3 Batch: 900 Loss: 2.1092090606689453
Epoch: 3 Batch: 1000 Loss: 1.942569375038147
Epoch: 3 Batch: 1100 Loss: 1.8543801307678223
Epoch: 3 Batch: 1200 Loss: 1.778181791305542
Epoch: 3 Batch: 1300 Loss: 1.9434834718704224
Epoch: 3 Batch: 1400 Loss: 1.779276967048645
Epoch: 3 Batch: 1500 Loss: 1.7380127906799316
Epoch: 3 Batch: 1600 Loss: 1.8671319484710693
Epoch: 3 Batch: 1700 Loss: 2.146043539047241
Epoch: 3 Batch: 1800 Loss: 1.910258173942566
Epoch: 3 Batch: 1900 Loss: 1.8719053268432617
Epoch: 3 Batch: 2000 Loss: 1.824737787246704
Epoch: 3 Batch: 2100 Loss: 1.8599605560302734
Epoch: 3 Batch: 2200 Loss: 1.8669919967651367
Epoch: 3 Batch: 2300 Loss: 1.751969337463379
Epoch: 3 Batch: 2400 Loss: 1.8740705251693726
Epoch: 3 Batch: 2500 Loss: 1.9366135597229004
Epoch: 3 Batch: 2600 Loss: 1.7971572875976562
Epoch: 3 Batch: 2700 Loss: 2.058568239212036
Epoch: 3 Batch: 2800 Loss: 2.0477044582366943
Epoch: 3 Batch: 2900 Loss: 1.8410696983337402
Epoch: 3 Batch: 3000 Loss: 1.9511231184005737
Epoch: 3 Batch: 3100 Loss: 1.8888145685195923
Epoch: 3 Batch: 3200 Loss: 1.933709740638733
Epoch: 3 Batch: 3300 Loss: 1.8260947465896606
Epoch: 3 Batch: 3400 Loss: 1.9024219512939453
Epoch: 3 Batch: 3500 Loss: 1.9636832475662231
Epoch: 3 Batch: 3600 Loss: 1.7813379764556885
Epoch: 3 Batch: 3700 Loss: 1.9989290237426758
Epoch: 3 Batch: 3800 Loss: 1.860599160194397
Epoch: 3 Batch: 3900 Loss: 1.8895268440246582
Epoch: 3 Batch: 4000 Loss: 1.8316630125045776
Epoch: 3 Batch: 4100 Loss: 2.0409278869628906
Epoch: 3 Batch: 4200 Loss: 1.9014368057250977
Epoch: 3 Batch: 4300 Loss: 1.9039236307144165
Epoch: 3 Batch: 4400 Loss: 1.8911799192428589
Epoch: 3 Batch: 4500 Loss: 2.0177290439605713
Epoch: 3 Batch: 4600 Loss: 1.9331462383270264
Epoch: 3 Batch: 4700 Loss: 1.9891397953033447
Epoch: 3 Batch: 4800 Loss: 1.8002856969833374
Epoch: 3 Batch: 4900 Loss: 1.8737963438034058
Epoch: 3 Batch: 5000 Loss: 1.8309268951416016
Epoch: 3 Batch: 5100 Loss: 2.0113821029663086
Epoch: 3 Batch: 5200 Loss: 2.112348794937134
Epoch: 3 Batch: 5300 Loss: 1.9244650602340698
Epoch: 3 Batch: 5400 Loss: 1.9227943420410156
Epoch: 3 Batch: 5500 Loss: 1.9921936988830566
Epoch: 3 Batch: 5600 Loss: 1.8850460052490234
Epoch: 3 Batch: 5700 Loss: 1.7794246673583984
Epoch: 3 Batch: 5800 Loss: 1.640858769416809
Epoch: 3 Batch: 5900 Loss: 1.9554569721221924
Epoch: 3 Batch: 6000 Loss: 1.770588755607605
Epoch: 3 Batch: 6100 Loss: 1.9703971147537231
Epoch: 3 Batch: 6200 Loss: 1.895756721496582
Epoch: 3 Batch: 6300 Loss: 1.9411946535110474
Epoch: 3 Batch: 6400 Loss: 1.9831570386886597
Epoch: 4 Batch: 0 Loss: 1.7184419631958008
Epoch: 4 Batch: 100 Loss: 1.8347268104553223
Epoch: 4 Batch: 200 Loss: 1.824891209602356
Epoch: 4 Batch: 300 Loss: 1.7431228160858154
Epoch: 4 Batch: 400 Loss: 1.7244209051132202
Epoch: 4 Batch: 500 Loss: 1.7785439491271973
Epoch: 4 Batch: 600 Loss: 1.7858202457427979
Epoch: 4 Batch: 700 Loss: 1.7278151512145996
Epoch: 4 Batch: 800 Loss: 1.8278563022613525
Epoch: 4 Batch: 900 Loss: 1.8444769382476807
Epoch: 4 Batch: 1000 Loss: 1.8129613399505615
Epoch: 4 Batch: 1100 Loss: 1.6369422674179077
Epoch: 4 Batch: 1200 Loss: 1.787799596786499
Epoch: 4 Batch: 1300 Loss: 1.9378714561462402
Epoch: 4 Batch: 1400 Loss: 1.819383144378662
Epoch: 4 Batch: 1500 Loss: 1.90645170211792
Epoch: 4 Batch: 1600 Loss: 1.8625733852386475
Epoch: 4 Batch: 1700 Loss: 1.7836979627609253
Epoch: 4 Batch: 1800 Loss: 1.77790367603302
Epoch: 4 Batch: 1900 Loss: 1.7305577993392944
Epoch: 4 Batch: 2000 Loss: 1.717331051826477
Epoch: 4 Batch: 2100 Loss: 1.826590657234192
Epoch: 4 Batch: 2200 Loss: 1.9067500829696655
Epoch: 4 Batch: 2300 Loss: 1.9245350360870361
Epoch: 4 Batch: 2400 Loss: 1.8228696584701538
Epoch: 4 Batch: 2500 Loss: 1.78696870803833
Epoch: 4 Batch: 2600 Loss: 1.7964284420013428
Epoch: 4 Batch: 2700 Loss: 1.8031834363937378
Epoch: 4 Batch: 2800 Loss: 1.8475993871688843
Epoch: 4 Batch: 2900 Loss: 1.8815555572509766
Epoch: 4 Batch: 3000 Loss: 1.7511260509490967
Epoch: 4 Batch: 3100 Loss: 1.8284966945648193
Epoch: 4 Batch: 3200 Loss: 1.798763632774353
Epoch: 4 Batch: 3300 Loss: 1.75032639503479
Epoch: 4 Batch: 3400 Loss: 1.9150673151016235
Epoch: 4 Batch: 3500 Loss: 1.843239188194275
Epoch: 4 Batch: 3600 Loss: 1.7466281652450562
Epoch: 4 Batch: 3700 Loss: 1.802909016609192
Epoch: 4 Batch: 3800 Loss: 1.7838778495788574
Epoch: 4 Batch: 3900 Loss: 1.8538700342178345
Epoch: 4 Batch: 4000 Loss: 1.816390037536621
Epoch: 4 Batch: 4100 Loss: 1.7832471132278442
Epoch: 4 Batch: 4200 Loss: 1.914979100227356
Epoch: 4 Batch: 4300 Loss: 1.8453084230422974
Epoch: 4 Batch: 4400 Loss: 2.0482685565948486
Epoch: 4 Batch: 4500 Loss: 1.9827114343643188
Epoch: 4 Batch: 4600 Loss: 1.8477269411087036
Epoch: 4 Batch: 4700 Loss: 1.854467511177063
Epoch: 4 Batch: 4800 Loss: 2.019050359725952
Epoch: 4 Batch: 4900 Loss: 1.8587652444839478
Epoch: 4 Batch: 5000 Loss: 1.8246841430664062
Epoch: 4 Batch: 5100 Loss: 1.8428115844726562
Epoch: 4 Batch: 5200 Loss: 1.8896222114562988
Epoch: 4 Batch: 5300 Loss: 1.8449817895889282
Epoch: 4 Batch: 5400 Loss: 1.8341615200042725
Epoch: 4 Batch: 5500 Loss: 1.9428590536117554
Epoch: 4 Batch: 5600 Loss: 1.8352599143981934
Epoch: 4 Batch: 5700 Loss: 1.875792384147644
Epoch: 4 Batch: 5800 Loss: 1.9181052446365356
Epoch: 4 Batch: 5900 Loss: 1.7392961978912354
Epoch: 4 Batch: 6000 Loss: 1.9493306875228882
Epoch: 4 Batch: 6100 Loss: 1.7385761737823486
Epoch: 4 Batch: 6200 Loss: 1.7816094160079956
Epoch: 4 Batch: 6300 Loss: 1.9392950534820557
Epoch: 4 Batch: 6400 Loss: 1.7631216049194336
[2.2116611003875732, 2.3082711696624756, 1.9631891250610352, 1.7471656799316406, 1.9416568279266357]
